2025-12-26T04:13:16.524Z  INFO 1 --- [restauron] [main] d.siraj.restauron.RestauronApplication   : Starting RestauronApplication v0.0.1-SNAPSHOT using Java 17.0.17 with PID 1 (/restauron-backend/app.jar started by root in /restauron-backend)
2025-12-26T04:13:16.526Z DEBUG 1 --- [restauron] [main] d.siraj.restauron.RestauronApplication   : Running with Spring Boot v3.5.0, Spring v6.2.7
2025-12-26T04:13:16.528Z  INFO 1 --- [restauron] [main] d.siraj.restauron.RestauronApplication   : No active profile set, falling back to 1 default profile: "default"
2025-12-26T04:13:18.369Z  INFO 1 --- [restauron] [main] .s.d.r.c.RepositoryConfigurationDelegate : Bootstrapping Spring Data JPA repositories in DEFAULT mode.
2025-12-26T04:13:18.585Z  INFO 1 --- [restauron] [main] .s.d.r.c.RepositoryConfigurationDelegate : Finished Spring Data repository scanning in 189 ms. Found 23 JPA repository interfaces.
2025-12-26T04:13:19.799Z  INFO 1 --- [restauron] [main] o.s.b.w.embedded.tomcat.TomcatWebServer  : Tomcat initialized with port 8081 (http)
2025-12-26T04:13:19.832Z  INFO 1 --- [restauron] [main] o.apache.catalina.core.StandardService   : Starting service [Tomcat]
2025-12-26T04:13:19.833Z  INFO 1 --- [restauron] [main] o.apache.catalina.core.StandardEngine    : Starting Servlet engine: [Apache Tomcat/10.1.41]
2025-12-26T04:13:19.899Z  INFO 1 --- [restauron] [main] o.a.c.c.C.[Tomcat].[localhost].[/]       : Initializing Spring embedded WebApplicationContext
2025-12-26T04:13:19.902Z  INFO 1 --- [restauron] [main] w.s.c.ServletWebServerApplicationContext : Root WebApplicationContext: initialization completed in 3283 ms
2025-12-26T04:13:20.203Z  INFO 1 --- [restauron] [main] o.hibernate.jpa.internal.util.LogHelper  : HHH000204: Processing PersistenceUnitInfo [name: default]
2025-12-26T04:13:20.353Z  INFO 1 --- [restauron] [main] org.hibernate.Version                    : HHH000412: Hibernate ORM core version 6.6.15.Final
2025-12-26T04:13:20.476Z  INFO 1 --- [restauron] [main] o.h.c.internal.RegionFactoryInitiator    : HHH000026: Second-level cache disabled
2025-12-26T04:13:21.409Z  INFO 1 --- [restauron] [main] o.s.o.j.p.SpringPersistenceUnitInfo      : No LoadTimeWeaver setup: ignoring JPA class transformer
2025-12-26T04:13:21.475Z  INFO 1 --- [restauron] [main] com.zaxxer.hikari.HikariDataSource       : HikariPool-1 - Starting...
2025-12-26T04:13:22.092Z  INFO 1 --- [restauron] [main] com.zaxxer.hikari.pool.HikariPool        : HikariPool-1 - Added connection com.mysql.cj.jdbc.ConnectionImpl@776d8097
2025-12-26T04:13:22.106Z  INFO 1 --- [restauron] [main] com.zaxxer.hikari.HikariDataSource       : HikariPool-1 - Start completed.
2025-12-26T04:13:22.210Z  WARN 1 --- [restauron] [main] org.hibernate.orm.deprecation            : HHH90000025: MySQLDialect does not need to be specified explicitly using 'hibernate.dialect' (remove the property setting and it will be selected by default)
2025-12-26T04:13:22.250Z  INFO 1 --- [restauron] [main] org.hibernate.orm.connections.pooling    : HHH10001005: Database info:
	Database JDBC URL [Connecting through datasource 'HikariDataSource (HikariPool-1)']
	Database driver: undefined/unknown
	Database version: 8.0.44
	Autocommit mode: undefined/unknown
	Isolation level: undefined/unknown
	Minimum pool size: undefined/unknown
	Maximum pool size: undefined/unknown
2025-12-26T04:13:24.551Z  INFO 1 --- [restauron] [main] o.h.e.t.j.p.i.JtaPlatformInitiator       : HHH000489: No JTA platform available (set 'hibernate.transaction.jta.platform' to enable JTA platform integration)
2025-12-26T04:13:24.828Z  INFO 1 --- [restauron] [main] j.LocalContainerEntityManagerFactoryBean : Initialized JPA EntityManagerFactory for persistence unit 'default'
2025-12-26T04:13:25.341Z DEBUG 1 --- [restauron] [main] d.s.restauron.config.jwt.JwtAuthFilter   : Filter 'jwtAuthenticationFilter' configured for use
2025-12-26T04:13:25.342Z DEBUG 1 --- [restauron] [main] d.s.restauron.config.jwt.JwtAuthFilter   : Filter 'jwtAuthFilter' configured for use
2025-12-26T04:13:25.765Z  INFO 1 --- [restauron] [main] o.s.d.j.r.query.QueryEnhancerFactory     : Hibernate is in classpath; If applicable, HQL parser will be used.
2025-12-26T04:13:26.737Z  INFO 1 --- [restauron] [main] eAuthenticationProviderManagerConfigurer : Global AuthenticationManager configured with AuthenticationProvider bean with name userAuthenticationProvider
2025-12-26T04:13:26.740Z  WARN 1 --- [restauron] [main] r$InitializeUserDetailsManagerConfigurer : Global AuthenticationManager configured with an AuthenticationProvider bean. UserDetailsService beans will not be used by Spring Security for automatically configuring username/password login. Consider removing the AuthenticationProvider bean. Alternatively, consider using the UserDetailsService in a manually instantiated DaoAuthenticationProvider. If the current configuration is intentional, to turn off this warning, increase the logging level of 'org.springframework.security.config.annotation.authentication.configuration.InitializeUserDetailsBeanManagerConfigurer' to ERROR
2025-12-26T04:13:28.727Z  WARN 1 --- [restauron] [main] JpaBaseConfiguration$JpaWebConfiguration : spring.jpa.open-in-view is enabled by default. Therefore, database queries may be performed during view rendering. Explicitly configure spring.jpa.open-in-view to disable this warning
2025-12-26T04:13:30.126Z  INFO 1 --- [restauron] [main] o.s.m.s.b.SimpleBrokerMessageHandler     : Starting...
2025-12-26T04:13:30.129Z  INFO 1 --- [restauron] [main] o.s.m.s.b.SimpleBrokerMessageHandler     : BrokerAvailabilityEvent[available=true, SimpleBrokerMessageHandler [org.springframework.messaging.simp.broker.DefaultSubscriptionRegistry@1bfdd7a4]]
2025-12-26T04:13:30.137Z  INFO 1 --- [restauron] [main] o.s.m.s.b.SimpleBrokerMessageHandler     : Started.
2025-12-26T04:13:30.183Z  INFO 1 --- [restauron] [main] o.s.b.w.embedded.tomcat.TomcatWebServer  : Tomcat started on port 8081 (http) with context path '/'
2025-12-26T04:13:30.237Z  INFO 1 --- [restauron] [main] d.siraj.restauron.RestauronApplication   : Started RestauronApplication in 14.686 seconds (process running for 15.689)
2025-12-26T04:13:30.401Z  INFO 1 --- [restauron] [main] d.s.r.restController.SettingController   : Admin already exists, exiting the method
2025-12-26T04:13:30.408Z  WARN 1 --- [restauron] [main] o.s.core.events.SpringDocAppInitializer  : SpringDoc /v3/api-docs endpoint is enabled by default. To disable it in production, set the property 'springdoc.api-docs.enabled=false'
2025-12-26T04:13:30.410Z  WARN 1 --- [restauron] [main] o.s.core.events.SpringDocAppInitializer  : SpringDoc /swagger-ui.html endpoint is enabled by default. To disable it in production, set the property 'springdoc.swagger-ui.enabled=false'
2025-12-26T04:14:30.123Z  INFO 1 --- [restauron] [MessageBroker-1] o.s.w.s.c.WebSocketMessageBrokerStats    : WebSocketSession[0 current WS(0)-HttpStream(0)-HttpPoll(0), 0 total, 0 closed abnormally (0 connect failure, 0 send limit, 0 transport error)], stompSubProtocol[processed CONNECT(0)-CONNECTED(0)-DISCONNECT(0)], stompBrokerRelay[null], inboundChannel[pool size = 0, active threads = 0, queued tasks = 0, completed tasks = 0], outboundChannel[pool size = 0, active threads = 0, queued tasks = 0, completed tasks = 0], sockJsScheduler[pool size = 3, active threads = 1, queued tasks = 2, completed tasks = 0]
2025-12-26T04:15:19.862Z  INFO 1 --- [restauron] [http-nio-8081-exec-1] o.apache.tomcat.util.http.parser.Cookie  : A cookie header was received [g_state={"i_l":0,"i_ll":1766054062886,"i_b":"H77oX67uyuRjJaPIisiVqxztBXA/CCqeAzxoouJ1j3U","i_e":{"enable_itp_optimization":0}};] that contained an invalid cookie. That cookie will be ignored.
 Note: further occurrences of this error will be logged at DEBUG level.
2025-12-26T04:15:19.878Z  INFO 1 --- [restauron] [http-nio-8081-exec-1] o.a.c.c.C.[Tomcat].[localhost].[/]       : Initializing Spring DispatcherServlet 'dispatcherServlet'
2025-12-26T04:15:19.879Z  INFO 1 --- [restauron] [http-nio-8081-exec-1] o.s.web.servlet.DispatcherServlet        : Initializing Servlet 'dispatcherServlet'
2025-12-26T04:15:19.889Z  INFO 1 --- [restauron] [http-nio-8081-exec-1] o.s.web.servlet.DispatcherServlet        : Completed initialization in 9 ms
2025-12-26T04:15:19.943Z DEBUG 1 --- [restauron] [http-nio-8081-exec-1] d.s.restauron.config.jwt.JwtAuthFilter   : No JWT token found in request headers
2025-12-26T04:15:19.952Z DEBUG 1 --- [restauron] [http-nio-8081-exec-1] d.s.restauron.config.jwt.JwtAuthFilter   : No JWT token found in request headers
2025-12-26T04:15:20.062Z DEBUG 1 --- [restauron] [http-nio-8081-exec-2] d.s.restauron.config.jwt.JwtAuthFilter   : No JWT token found in request headers
2025-12-26T04:15:20.063Z DEBUG 1 --- [restauron] [http-nio-8081-exec-3] d.s.restauron.config.jwt.JwtAuthFilter   : No JWT token found in request headers
2025-12-26T04:15:20.064Z DEBUG 1 --- [restauron] [http-nio-8081-exec-2] d.s.restauron.config.jwt.JwtAuthFilter   : No JWT token found in request headers
2025-12-26T04:15:20.065Z DEBUG 1 --- [restauron] [http-nio-8081-exec-3] d.s.restauron.config.jwt.JwtAuthFilter   : No JWT token found in request headers
2025-12-26T04:15:20.066Z DEBUG 1 --- [restauron] [http-nio-8081-exec-4] d.s.restauron.config.jwt.JwtAuthFilter   : No JWT token found in request headers
2025-12-26T04:15:20.069Z DEBUG 1 --- [restauron] [http-nio-8081-exec-4] d.s.restauron.config.jwt.JwtAuthFilter   : No JWT token found in request headers
2025-12-26T04:15:20.069Z DEBUG 1 --- [restauron] [http-nio-8081-exec-5] d.s.restauron.config.jwt.JwtAuthFilter   : No JWT token found in request headers
2025-12-26T04:15:20.071Z DEBUG 1 --- [restauron] [http-nio-8081-exec-5] d.s.restauron.config.jwt.JwtAuthFilter   : No JWT token found in request headers
2025-12-26T04:15:20.083Z DEBUG 1 --- [restauron] [http-nio-8081-exec-6] d.s.restauron.config.jwt.JwtAuthFilter   : No JWT token found in request headers
2025-12-26T04:15:20.086Z DEBUG 1 --- [restauron] [http-nio-8081-exec-6] d.s.restauron.config.jwt.JwtAuthFilter   : No JWT token found in request headers
2025-12-26T04:15:20.589Z DEBUG 1 --- [restauron] [http-nio-8081-exec-7] d.s.restauron.config.jwt.JwtAuthFilter   : No JWT token found in request headers
2025-12-26T04:15:20.590Z DEBUG 1 --- [restauron] [http-nio-8081-exec-7] d.s.restauron.config.jwt.JwtAuthFilter   : No JWT token found in request headers
2025-12-26T04:15:20.600Z DEBUG 1 --- [restauron] [http-nio-8081-exec-8] d.s.restauron.config.jwt.JwtAuthFilter   : No JWT token found in request headers
2025-12-26T04:15:20.602Z DEBUG 1 --- [restauron] [http-nio-8081-exec-8] d.s.restauron.config.jwt.JwtAuthFilter   : No JWT token found in request headers
2025-12-26T04:15:20.698Z DEBUG 1 --- [restauron] [http-nio-8081-exec-9] d.s.restauron.config.jwt.JwtAuthFilter   : No JWT token found in request headers
2025-12-26T04:15:20.702Z DEBUG 1 --- [restauron] [http-nio-8081-exec-9] d.s.restauron.config.jwt.JwtAuthFilter   : No JWT token found in request headers
2025-12-26T04:15:22.140Z  INFO 1 --- [restauron] [http-nio-8081-exec-9] o.springdoc.api.AbstractOpenApiResource  : Init duration for springdoc-openapi is: 1414 ms
2025-12-26T04:15:30.009Z DEBUG 1 --- [restauron] [http-nio-8081-exec-4] d.s.restauron.config.jwt.JwtAuthFilter   : No JWT token found in request headers
2025-12-26T04:15:30.010Z DEBUG 1 --- [restauron] [http-nio-8081-exec-4] d.s.restauron.config.jwt.JwtAuthFilter   : No JWT token found in request headers
2025-12-26T04:15:31.116Z DEBUG 1 --- [restauron] [http-nio-8081-exec-6] d.s.restauron.config.jwt.JwtAuthFilter   : No JWT token found in request headers
2025-12-26T04:15:31.117Z DEBUG 1 --- [restauron] [http-nio-8081-exec-6] d.s.restauron.config.jwt.JwtAuthFilter   : No JWT token found in request headers
2025-12-26T04:19:49.658Z  INFO 1 --- [restauron] [SpringApplicationShutdownHook] o.s.b.w.e.tomcat.GracefulShutdown        : Commencing graceful shutdown. Waiting for active requests to complete
2025-12-26T04:19:49.664Z  INFO 1 --- [restauron] [tomcat-shutdown] o.s.b.w.e.tomcat.GracefulShutdown        : Graceful shutdown complete
2025-12-26T04:19:49.669Z  INFO 1 --- [restauron] [SpringApplicationShutdownHook] o.s.m.s.b.SimpleBrokerMessageHandler     : Stopping...
2025-12-26T04:19:49.670Z  INFO 1 --- [restauron] [SpringApplicationShutdownHook] o.s.m.s.b.SimpleBrokerMessageHandler     : BrokerAvailabilityEvent[available=false, SimpleBrokerMessageHandler [org.springframework.messaging.simp.broker.DefaultSubscriptionRegistry@1bfdd7a4]]
2025-12-26T04:19:49.671Z  INFO 1 --- [restauron] [SpringApplicationShutdownHook] o.s.m.s.b.SimpleBrokerMessageHandler     : Stopped.
2025-12-26T04:19:49.688Z  INFO 1 --- [restauron] [SpringApplicationShutdownHook] j.LocalContainerEntityManagerFactoryBean : Closing JPA EntityManagerFactory for persistence unit 'default'
2025-12-26T04:19:49.695Z  INFO 1 --- [restauron] [SpringApplicationShutdownHook] com.zaxxer.hikari.HikariDataSource       : HikariPool-1 - Shutdown initiated...
2025-12-26T04:19:49.702Z  INFO 1 --- [restauron] [SpringApplicationShutdownHook] com.zaxxer.hikari.HikariDataSource       : HikariPool-1 - Shutdown completed.
2025-12-26T04:37:09.250Z  INFO 1 --- [restauron] [main] d.siraj.restauron.RestauronApplication   : Starting RestauronApplication v0.0.1-SNAPSHOT using Java 17.0.17 with PID 1 (/restauron-backend/app.jar started by root in /restauron-backend)
2025-12-26T04:37:09.258Z DEBUG 1 --- [restauron] [main] d.siraj.restauron.RestauronApplication   : Running with Spring Boot v3.5.0, Spring v6.2.7
2025-12-26T04:37:09.269Z  INFO 1 --- [restauron] [main] d.siraj.restauron.RestauronApplication   : No active profile set, falling back to 1 default profile: "default"
2025-12-26T04:37:16.596Z  INFO 1 --- [restauron] [main] .s.d.r.c.RepositoryConfigurationDelegate : Bootstrapping Spring Data JPA repositories in DEFAULT mode.
2025-12-26T04:37:17.271Z  INFO 1 --- [restauron] [main] .s.d.r.c.RepositoryConfigurationDelegate : Finished Spring Data repository scanning in 596 ms. Found 23 JPA repository interfaces.
2025-12-26T04:37:20.476Z  INFO 1 --- [restauron] [main] o.s.b.w.embedded.tomcat.TomcatWebServer  : Tomcat initialized with port 8081 (http)
2025-12-26T04:37:20.596Z  INFO 1 --- [restauron] [main] o.apache.catalina.core.StandardService   : Starting service [Tomcat]
2025-12-26T04:37:20.599Z  INFO 1 --- [restauron] [main] o.apache.catalina.core.StandardEngine    : Starting Servlet engine: [Apache Tomcat/10.1.41]
2025-12-26T04:37:20.735Z  INFO 1 --- [restauron] [main] o.a.c.c.C.[Tomcat].[localhost].[/]       : Initializing Spring embedded WebApplicationContext
2025-12-26T04:37:20.738Z  INFO 1 --- [restauron] [main] w.s.c.ServletWebServerApplicationContext : Root WebApplicationContext: initialization completed in 11102 ms
2025-12-26T04:37:21.232Z  INFO 1 --- [restauron] [main] o.hibernate.jpa.internal.util.LogHelper  : HHH000204: Processing PersistenceUnitInfo [name: default]
2025-12-26T04:37:21.475Z  INFO 1 --- [restauron] [main] org.hibernate.Version                    : HHH000412: Hibernate ORM core version 6.6.15.Final
2025-12-26T04:37:21.659Z  INFO 1 --- [restauron] [main] o.h.c.internal.RegionFactoryInitiator    : HHH000026: Second-level cache disabled
2025-12-26T04:37:22.653Z  INFO 1 --- [restauron] [main] o.s.o.j.p.SpringPersistenceUnitInfo      : No LoadTimeWeaver setup: ignoring JPA class transformer
2025-12-26T04:37:22.750Z  INFO 1 --- [restauron] [main] com.zaxxer.hikari.HikariDataSource       : HikariPool-1 - Starting...
2025-12-26T04:37:23.397Z  INFO 1 --- [restauron] [main] com.zaxxer.hikari.pool.HikariPool        : HikariPool-1 - Added connection com.mysql.cj.jdbc.ConnectionImpl@3b77940f
2025-12-26T04:37:23.403Z  INFO 1 --- [restauron] [main] com.zaxxer.hikari.HikariDataSource       : HikariPool-1 - Start completed.
2025-12-26T04:37:23.616Z  WARN 1 --- [restauron] [main] org.hibernate.orm.deprecation            : HHH90000025: MySQLDialect does not need to be specified explicitly using 'hibernate.dialect' (remove the property setting and it will be selected by default)
2025-12-26T04:37:23.708Z  INFO 1 --- [restauron] [main] org.hibernate.orm.connections.pooling    : HHH10001005: Database info:
	Database JDBC URL [Connecting through datasource 'HikariDataSource (HikariPool-1)']
	Database driver: undefined/unknown
	Database version: 8.0.44
	Autocommit mode: undefined/unknown
	Isolation level: undefined/unknown
	Minimum pool size: undefined/unknown
	Maximum pool size: undefined/unknown
2025-12-26T04:37:27.865Z  INFO 1 --- [restauron] [main] o.h.e.t.j.p.i.JtaPlatformInitiator       : HHH000489: No JTA platform available (set 'hibernate.transaction.jta.platform' to enable JTA platform integration)
2025-12-26T04:37:28.482Z  INFO 1 --- [restauron] [main] j.LocalContainerEntityManagerFactoryBean : Initialized JPA EntityManagerFactory for persistence unit 'default'
2025-12-26T04:37:29.534Z DEBUG 1 --- [restauron] [main] d.s.restauron.config.jwt.JwtAuthFilter   : Filter 'jwtAuthenticationFilter' configured for use
2025-12-26T04:37:29.535Z DEBUG 1 --- [restauron] [main] d.s.restauron.config.jwt.JwtAuthFilter   : Filter 'jwtAuthFilter' configured for use
2025-12-26T04:37:30.290Z  INFO 1 --- [restauron] [main] o.s.d.j.r.query.QueryEnhancerFactory     : Hibernate is in classpath; If applicable, HQL parser will be used.
2025-12-26T04:37:32.105Z  INFO 1 --- [restauron] [main] eAuthenticationProviderManagerConfigurer : Global AuthenticationManager configured with AuthenticationProvider bean with name userAuthenticationProvider
2025-12-26T04:37:32.109Z  WARN 1 --- [restauron] [main] r$InitializeUserDetailsManagerConfigurer : Global AuthenticationManager configured with an AuthenticationProvider bean. UserDetailsService beans will not be used by Spring Security for automatically configuring username/password login. Consider removing the AuthenticationProvider bean. Alternatively, consider using the UserDetailsService in a manually instantiated DaoAuthenticationProvider. If the current configuration is intentional, to turn off this warning, increase the logging level of 'org.springframework.security.config.annotation.authentication.configuration.InitializeUserDetailsBeanManagerConfigurer' to ERROR
2025-12-26T04:37:35.829Z  WARN 1 --- [restauron] [main] JpaBaseConfiguration$JpaWebConfiguration : spring.jpa.open-in-view is enabled by default. Therefore, database queries may be performed during view rendering. Explicitly configure spring.jpa.open-in-view to disable this warning
2025-12-26T04:37:38.267Z  INFO 1 --- [restauron] [main] o.s.m.s.b.SimpleBrokerMessageHandler     : Starting...
2025-12-26T04:37:38.270Z  INFO 1 --- [restauron] [main] o.s.m.s.b.SimpleBrokerMessageHandler     : BrokerAvailabilityEvent[available=true, SimpleBrokerMessageHandler [org.springframework.messaging.simp.broker.DefaultSubscriptionRegistry@46807718]]
2025-12-26T04:37:38.274Z  INFO 1 --- [restauron] [main] o.s.m.s.b.SimpleBrokerMessageHandler     : Started.
2025-12-26T04:37:38.330Z  INFO 1 --- [restauron] [main] o.s.b.w.embedded.tomcat.TomcatWebServer  : Tomcat started on port 8081 (http) with context path '/'
2025-12-26T04:37:38.408Z  INFO 1 --- [restauron] [main] d.siraj.restauron.RestauronApplication   : Started RestauronApplication in 32.325 seconds (process running for 35.797)
2025-12-26T04:37:38.713Z  INFO 1 --- [restauron] [main] d.s.r.restController.SettingController   : Admin already exists, exiting the method
2025-12-26T04:37:38.730Z  WARN 1 --- [restauron] [main] o.s.core.events.SpringDocAppInitializer  : SpringDoc /v3/api-docs endpoint is enabled by default. To disable it in production, set the property 'springdoc.api-docs.enabled=false'
2025-12-26T04:37:38.733Z  WARN 1 --- [restauron] [main] o.s.core.events.SpringDocAppInitializer  : SpringDoc /swagger-ui.html endpoint is enabled by default. To disable it in production, set the property 'springdoc.swagger-ui.enabled=false'
2025-12-26T04:38:38.260Z  INFO 1 --- [restauron] [MessageBroker-1] o.s.w.s.c.WebSocketMessageBrokerStats    : WebSocketSession[0 current WS(0)-HttpStream(0)-HttpPoll(0), 0 total, 0 closed abnormally (0 connect failure, 0 send limit, 0 transport error)], stompSubProtocol[processed CONNECT(0)-CONNECTED(0)-DISCONNECT(0)], stompBrokerRelay[null], inboundChannel[pool size = 0, active threads = 0, queued tasks = 0, completed tasks = 0], outboundChannel[pool size = 0, active threads = 0, queued tasks = 0, completed tasks = 0], sockJsScheduler[pool size = 3, active threads = 1, queued tasks = 2, completed tasks = 0]
2025-12-26T05:08:38.078Z  INFO 1 --- [restauron] [MessageBroker-3] o.s.w.s.c.WebSocketMessageBrokerStats    : WebSocketSession[0 current WS(0)-HttpStream(0)-HttpPoll(0), 0 total, 0 closed abnormally (0 connect failure, 0 send limit, 0 transport error)], stompSubProtocol[processed CONNECT(0)-CONNECTED(0)-DISCONNECT(0)], stompBrokerRelay[null], inboundChannel[pool size = 0, active threads = 0, queued tasks = 0, completed tasks = 0], outboundChannel[pool size = 0, active threads = 0, queued tasks = 0, completed tasks = 0], sockJsScheduler[pool size = 4, active threads = 1, queued tasks = 2, completed tasks = 1]
2025-12-26T05:17:17.911Z  INFO 1 --- [restauron] [http-nio-8081-exec-1] o.a.c.c.C.[Tomcat].[localhost].[/]       : Initializing Spring DispatcherServlet 'dispatcherServlet'
2025-12-26T05:17:17.913Z  INFO 1 --- [restauron] [http-nio-8081-exec-1] o.s.web.servlet.DispatcherServlet        : Initializing Servlet 'dispatcherServlet'
2025-12-26T05:17:17.953Z  INFO 1 --- [restauron] [http-nio-8081-exec-1] o.s.web.servlet.DispatcherServlet        : Completed initialization in 37 ms
2025-12-26T05:17:18.102Z DEBUG 1 --- [restauron] [http-nio-8081-exec-2] d.s.restauron.config.jwt.JwtAuthFilter   : No JWT token found in request headers
2025-12-26T05:17:18.119Z DEBUG 1 --- [restauron] [http-nio-8081-exec-2] d.s.restauron.config.jwt.JwtAuthFilter   : No JWT token found in request headers
2025-12-26T05:17:18.466Z  INFO 1 --- [restauron] [http-nio-8081-exec-2] d.s.r.r.a.AuthenticationController       : Inside the login controller for user with email muneersirajul414@gmail.com
2025-12-26T05:17:18.816Z ERROR 1 --- [restauron] [http-nio-8081-exec-2] d.s.r.e.GlobalExceptionHandler           : General exception: Bad credentials
2025-12-26T05:17:22.618Z DEBUG 1 --- [restauron] [http-nio-8081-exec-3] d.s.restauron.config.jwt.JwtAuthFilter   : No JWT token found in request headers
2025-12-26T05:17:22.620Z DEBUG 1 --- [restauron] [http-nio-8081-exec-3] d.s.restauron.config.jwt.JwtAuthFilter   : No JWT token found in request headers
2025-12-26T05:17:22.627Z  INFO 1 --- [restauron] [http-nio-8081-exec-3] d.s.r.r.a.AuthenticationController       : Inside the login controller for user with email muneersirajul414@gmail.com
2025-12-26T05:17:23.237Z  INFO 1 --- [restauron] [http-nio-8081-exec-3] d.s.r.s.a.RefreshTokenServiceImp         : Deleting existing refresh token for user: muneersirajul414@gmail.com
2025-12-26T05:17:23.657Z  INFO 1 --- [restauron] [http-nio-8081-exec-5] d.s.restauron.config.jwt.JwtAuthFilter   : Successfully authenticated user: muneersirajul414@gmail.com
2025-12-26T05:17:23.681Z  INFO 1 --- [restauron] [http-nio-8081-exec-5] d.s.r.r.owner.OwnerGeneralController     : Inside the get restaurant details after login wN-CSzFx-ysiYcGigxvzWw
2025-12-26T05:17:23.746Z  INFO 1 --- [restauron] [http-nio-8081-exec-5] d.s.r.r.owner.OwnerGeneralController     : Finished fetching the restaurant details
2025-12-26T05:17:23.969Z  INFO 1 --- [restauron] [http-nio-8081-exec-7] d.s.restauron.config.jwt.JwtAuthFilter   : Successfully authenticated user: muneersirajul414@gmail.com
2025-12-26T05:17:23.986Z DEBUG 1 --- [restauron] [http-nio-8081-exec-8] d.s.restauron.config.jwt.JwtAuthFilter   : No JWT token found in request headers
2025-12-26T05:17:23.997Z DEBUG 1 --- [restauron] [http-nio-8081-exec-8] d.s.restauron.config.jwt.JwtAuthFilter   : No JWT token found in request headers
2025-12-26T05:17:24.001Z  INFO 1 --- [restauron] [http-nio-8081-exec-7] d.s.r.r.owner.OwnerEmployeeController    : Received request to fetch employees list of lEKFwTcj-Qb4nXlmiPztxA restaurant
2025-12-26T05:17:24.004Z  INFO 1 --- [restauron] [http-nio-8081-exec-7] d.s.r.s.e.e.EmployeeManagementServiceImp : Fetching employee list for restaurant, Filter: 'ALL', Search: 'null'
2025-12-26T05:17:24.024Z  WARN 1 --- [restauron] [http-nio-8081-exec-7] d.s.r.s.e.e.EmployeeManagementServiceImp : Invalid status filter provided: ALL
2025-12-26T05:17:24.033Z DEBUG 1 --- [restauron] [http-nio-8081-exec-9] d.s.restauron.config.jwt.JwtAuthFilter   : No JWT token found in request headers
2025-12-26T05:17:24.037Z DEBUG 1 --- [restauron] [http-nio-8081-exec-9] d.s.restauron.config.jwt.JwtAuthFilter   : No JWT token found in request headers
2025-12-26T05:17:24.075Z  INFO 1 --- [restauron] [http-nio-8081-exec-7] d.s.r.s.e.e.EmployeeManagementServiceImp : Found 0 employees on page 0
2025-12-26T05:17:24.101Z  WARN 1 --- [restauron] [http-nio-8081-exec-7] ration$PageModule$WarningLoggingModifier : Serializing PageImpl instances as-is is not supported, meaning that there is no guarantee about the stability of the resulting JSON structure!
	For a stable JSON structure, please use Spring Data's PagedModel (globally via @EnableSpringDataWebSupport(pageSerializationMode = VIA_DTO))
	or Spring HATEOAS and Spring Data's PagedResourcesAssembler as documented in https://docs.spring.io/spring-data/commons/reference/repositories/core-extensions.html#core.web.pageables.

2025-12-26T05:17:33.811Z  INFO 1 --- [restauron] [http-nio-8081-exec-5] d.s.restauron.config.jwt.JwtAuthFilter   : Successfully authenticated user: muneersirajul414@gmail.com
2025-12-26T05:17:33.814Z  INFO 1 --- [restauron] [http-nio-8081-exec-9] d.s.restauron.config.jwt.JwtAuthFilter   : Successfully authenticated user: muneersirajul414@gmail.com
2025-12-26T05:17:33.820Z  INFO 1 --- [restauron] [http-nio-8081-exec-10] d.s.restauron.config.jwt.JwtAuthFilter   : Successfully authenticated user: muneersirajul414@gmail.com
2025-12-26T05:17:33.821Z  INFO 1 --- [restauron] [http-nio-8081-exec-7] d.s.restauron.config.jwt.JwtAuthFilter   : Successfully authenticated user: muneersirajul414@gmail.com
2025-12-26T05:17:33.821Z  INFO 1 --- [restauron] [http-nio-8081-exec-4] d.s.restauron.config.jwt.JwtAuthFilter   : Successfully authenticated user: muneersirajul414@gmail.com
2025-12-26T05:17:33.828Z  INFO 1 --- [restauron] [http-nio-8081-exec-5] d.s.r.r.owner.OwnerDashboardController   : Received request for subscription status for restaurant ID: lEKFwTcj-Qb4nXlmiPztxA
2025-12-26T05:17:33.830Z  INFO 1 --- [restauron] [http-nio-8081-exec-5] d.s.r.s.o.o.OwnerDashboardServiceImp     : Fetching subscription status for restaurant ID: 1
2025-12-26T05:17:33.832Z  INFO 1 --- [restauron] [http-nio-8081-exec-9] d.s.r.r.owner.OwnerDashboardController   : Received request for recent orders for restaurant ID: lEKFwTcj-Qb4nXlmiPztxA
2025-12-26T05:17:33.832Z  INFO 1 --- [restauron] [http-nio-8081-exec-4] d.s.r.r.owner.OwnerDashboardController   : Received request for top selling items for restaurant ID: lEKFwTcj-Qb4nXlmiPztxA
2025-12-26T05:17:33.832Z  INFO 1 --- [restauron] [http-nio-8081-exec-7] d.s.r.r.owner.OwnerDashboardController   : Received request for sales stats for restaurant ID: lEKFwTcj-Qb4nXlmiPztxA
2025-12-26T05:17:33.832Z  INFO 1 --- [restauron] [http-nio-8081-exec-10] d.s.r.r.owner.OwnerDashboardController   : Received request for employee count for restaurant ID: lEKFwTcj-Qb4nXlmiPztxA
2025-12-26T05:17:33.837Z  INFO 1 --- [restauron] [http-nio-8081-exec-7] d.s.r.s.o.o.OwnerDashboardServiceImp     : Fetching sales stats for restaurant ID: 1
2025-12-26T05:17:33.835Z  INFO 1 --- [restauron] [http-nio-8081-exec-9] d.s.r.s.o.o.OwnerDashboardServiceImp     : Fetching recent orders for restaurant ID: 1
2025-12-26T05:17:33.836Z  INFO 1 --- [restauron] [http-nio-8081-exec-4] d.s.r.s.o.o.OwnerDashboardServiceImp     : Fetching top selling items for restaurant ID: 1
2025-12-26T05:17:33.838Z  INFO 1 --- [restauron] [http-nio-8081-exec-10] d.s.r.s.o.o.OwnerDashboardServiceImp     : Fetching employee count for restaurant ID: 1
2025-12-26T05:17:33.873Z  INFO 1 --- [restauron] [http-nio-8081-exec-9] d.s.r.s.o.o.OwnerDashboardServiceImp     : Recent orders for restaurant ID 1: []
2025-12-26T05:17:33.876Z  INFO 1 --- [restauron] [http-nio-8081-exec-10] d.s.r.s.o.o.OwnerDashboardServiceImp     : Employee count for restaurant ID 1: 0
2025-12-26T05:17:34.007Z  INFO 1 --- [restauron] [http-nio-8081-exec-7] d.s.r.s.o.o.OwnerDashboardServiceImp     : Sales stats for restaurant ID 1: OwnerDashboardSalesStatsDTO(today=0.0, week=0.0, month=0.0, year=0.0)
2025-12-26T05:17:47.668Z  INFO 1 --- [restauron] [http-nio-8081-exec-2] d.s.restauron.config.jwt.JwtAuthFilter   : Successfully authenticated user: muneersirajul414@gmail.com
2025-12-26T05:17:47.680Z  INFO 1 --- [restauron] [http-nio-8081-exec-2] d.s.r.r.owner.OwnerOrderController       : Inside the controller to fetch lists of orders
2025-12-26T05:17:47.701Z  INFO 1 --- [restauron] [http-nio-8081-exec-2] d.s.r.r.owner.OwnerOrderController       : fetched successfully
2025-12-26T05:17:48.336Z  INFO 1 --- [restauron] [http-nio-8081-exec-6] d.s.restauron.config.jwt.JwtAuthFilter   : Successfully authenticated user: muneersirajul414@gmail.com
2025-12-26T05:17:48.338Z  INFO 1 --- [restauron] [http-nio-8081-exec-10] d.s.restauron.config.jwt.JwtAuthFilter   : Successfully authenticated user: muneersirajul414@gmail.com
2025-12-26T05:17:48.350Z  INFO 1 --- [restauron] [http-nio-8081-exec-10] d.s.r.r.m.CategoryController             : Request to fetch category list for restaurant.
2025-12-26T05:17:48.350Z  INFO 1 --- [restauron] [http-nio-8081-exec-6] d.s.r.r.m.MenuItemController             : Request to fetch menu items for restaurant.
2025-12-26T05:17:48.368Z  INFO 1 --- [restauron] [http-nio-8081-exec-6] d.s.r.r.m.MenuItemController             : Fetched page of menu items by restaurant
2025-12-26T05:17:48.937Z  INFO 1 --- [restauron] [http-nio-8081-exec-5] d.s.restauron.config.jwt.JwtAuthFilter   : Successfully authenticated user: muneersirajul414@gmail.com
2025-12-26T05:17:48.943Z  INFO 1 --- [restauron] [http-nio-8081-exec-5] d.s.r.r.owner.OwnerCustomerController    : Received request to fetch customers with filter: dev.siraj.restauron.DTO.common.PageRequestDto@71a87495
2025-12-26T05:17:48.946Z  INFO 1 --- [restauron] [http-nio-8081-exec-5] d.s.r.s.o.o.OwnerCustomerServiceImp      : Fetching customer list for restaurant. Filter: 'null', Search: ''
2025-12-26T05:17:48.977Z  INFO 1 --- [restauron] [http-nio-8081-exec-5] d.s.r.s.o.o.OwnerCustomerServiceImp      : Found 0 customers on page 0
2025-12-26T05:17:48.980Z  INFO 1 --- [restauron] [http-nio-8081-exec-5] d.s.r.r.owner.OwnerCustomerController    : Successfully fetched the customer list
2025-12-26T05:17:50.501Z  INFO 1 --- [restauron] [http-nio-8081-exec-4] d.s.restauron.config.jwt.JwtAuthFilter   : Successfully authenticated user: muneersirajul414@gmail.com
2025-12-26T05:17:50.506Z  INFO 1 --- [restauron] [http-nio-8081-exec-4] d.s.r.r.owner.OwnerEmployeeController    : Received request to fetch employees list of lEKFwTcj-Qb4nXlmiPztxA restaurant
2025-12-26T05:17:50.507Z  INFO 1 --- [restauron] [http-nio-8081-exec-4] d.s.r.s.e.e.EmployeeManagementServiceImp : Fetching employee list for restaurant, Filter: 'ALL', Search: 'null'
2025-12-26T05:17:50.510Z  WARN 1 --- [restauron] [http-nio-8081-exec-4] d.s.r.s.e.e.EmployeeManagementServiceImp : Invalid status filter provided: ALL
2025-12-26T05:17:50.517Z  INFO 1 --- [restauron] [http-nio-8081-exec-4] d.s.r.s.e.e.EmployeeManagementServiceImp : Found 0 employees on page 0
2025-12-26T05:18:47.871Z  INFO 1 --- [restauron] [http-nio-8081-exec-10] d.s.restauron.config.jwt.JwtAuthFilter   : Successfully authenticated user: muneersirajul414@gmail.com
2025-12-26T05:18:47.959Z  INFO 1 --- [restauron] [http-nio-8081-exec-10] d.s.r.r.owner.OwnerEmployeeController    : Received request to add employee Midlaj
2025-12-26T05:18:47.963Z  INFO 1 --- [restauron] [http-nio-8081-exec-10] d.s.r.s.e.e.EmployeeManagementServiceImp : Starting the process of adding new employee 'Midlaj' encryptedRestaurantId 'lEKFwTcj-Qb4nXlmiPztxA'
2025-12-26T05:18:47.965Z  INFO 1 --- [restauron] [http-nio-8081-exec-10] d.s.r.s.e.e.EmployeeManagementServiceImp : Received the Long Id for fetching restaurant: 1
2025-12-26T05:18:47.981Z  INFO 1 --- [restauron] [http-nio-8081-exec-10] d.s.r.s.e.e.EmployeeManagementServiceImp : Operating on restaurant: Chillies
2025-12-26T05:18:47.982Z  INFO 1 --- [restauron] [http-nio-8081-exec-10] d.s.r.s.e.e.EmployeeManagementServiceImp : Checking whether the given email midlaj@chillies.com exists or not
2025-12-26T05:18:47.998Z  INFO 1 --- [restauron] [http-nio-8081-exec-10] d.s.r.s.e.e.EmployeeManagementServiceImp : Base email is unique. Using: midlaj@chillies.com
2025-12-26T05:18:48.121Z  INFO 1 --- [restauron] [http-nio-8081-exec-10] d.s.r.s.e.e.EmployeeManagementServiceImp : Successfully saved UserAll record fo Midlaj with ID: 52
2025-12-26T05:18:50.675Z  INFO 1 --- [restauron] [http-nio-8081-exec-10] d.s.r.s.e.e.EmployeeManagementServiceImp : Successfully saved and added employee to restaurant and vice versa for: Midlaj
2025-12-26T05:18:50.677Z  INFO 1 --- [restauron] [http-nio-8081-exec-10] d.s.r.s.r.emailService.EmailServiceImp   : Preparing to send credentials email to: muneersirajul414@gmail.com
2025-12-26T05:18:56.778Z  INFO 1 --- [restauron] [http-nio-8081-exec-10] d.s.r.s.r.emailService.EmailServiceImp   : Successfully sent credentials email to muneersirajul414@gmail.com
2025-12-26T05:18:56.855Z  INFO 1 --- [restauron] [http-nio-8081-exec-5] d.s.restauron.config.jwt.JwtAuthFilter   : Successfully authenticated user: muneersirajul414@gmail.com
2025-12-26T05:18:56.863Z  INFO 1 --- [restauron] [http-nio-8081-exec-5] d.s.r.r.owner.OwnerEmployeeController    : Received request to fetch employees list of lEKFwTcj-Qb4nXlmiPztxA restaurant
2025-12-26T05:18:56.864Z  INFO 1 --- [restauron] [http-nio-8081-exec-5] d.s.r.s.e.e.EmployeeManagementServiceImp : Fetching employee list for restaurant, Filter: 'ALL', Search: 'null'
2025-12-26T05:18:56.868Z  WARN 1 --- [restauron] [http-nio-8081-exec-5] d.s.r.s.e.e.EmployeeManagementServiceImp : Invalid status filter provided: ALL
2025-12-26T05:18:56.883Z  INFO 1 --- [restauron] [http-nio-8081-exec-5] d.s.r.s.e.e.EmployeeManagementServiceImp : Found 1 employees on page 0
2025-12-26T05:20:06.149Z DEBUG 1 --- [restauron] [http-nio-8081-exec-3] d.s.restauron.config.jwt.JwtAuthFilter   : No JWT token found in request headers
2025-12-26T05:20:06.151Z DEBUG 1 --- [restauron] [http-nio-8081-exec-3] d.s.restauron.config.jwt.JwtAuthFilter   : No JWT token found in request headers
2025-12-26T05:20:06.155Z  INFO 1 --- [restauron] [http-nio-8081-exec-3] d.s.r.r.a.AuthenticationController       : Inside the login controller for user with email midlaj@chillies.com
2025-12-26T05:20:06.353Z  INFO 1 --- [restauron] [http-nio-8081-exec-2] d.s.restauron.config.jwt.JwtAuthFilter   : Successfully authenticated user: midlaj@chillies.com
2025-12-26T05:20:06.357Z  INFO 1 --- [restauron] [http-nio-8081-exec-2] d.s.r.r.e.EmployeeGeneralController      : Inside the get restaurant details after login for employees f7bcVZP4wNo9WQ8Yg7hsDQ
2025-12-26T05:20:06.371Z  INFO 1 --- [restauron] [http-nio-8081-exec-2] d.s.r.r.e.EmployeeGeneralController      : The restaurant Chillies found from the employee user Encrypted ID : f7bcVZP4wNo9WQ8Yg7hsDQ
2025-12-26T05:20:06.529Z  INFO 1 --- [restauron] [http-nio-8081-exec-10] o.apache.tomcat.util.http.parser.Cookie  : A cookie header was received [g_state={"i_l":0,"i_ll":1765952272328};] that contained an invalid cookie. That cookie will be ignored.
 Note: further occurrences of this error will be logged at DEBUG level.
2025-12-26T05:20:06.531Z  INFO 1 --- [restauron] [http-nio-8081-exec-6] d.s.restauron.config.jwt.JwtAuthFilter   : Successfully authenticated user: midlaj@chillies.com
2025-12-26T05:20:06.532Z DEBUG 1 --- [restauron] [http-nio-8081-exec-10] d.s.restauron.config.jwt.JwtAuthFilter   : No JWT token found in request headers
2025-12-26T05:20:06.537Z DEBUG 1 --- [restauron] [http-nio-8081-exec-10] d.s.restauron.config.jwt.JwtAuthFilter   : No JWT token found in request headers
2025-12-26T05:20:06.544Z  INFO 1 --- [restauron] [http-nio-8081-exec-6] d.s.r.r.e.o.EmployeeOrderController      : Inside the controller to get active orders for employee side
2025-12-26T05:20:06.549Z DEBUG 1 --- [restauron] [http-nio-8081-exec-9] d.s.restauron.config.jwt.JwtAuthFilter   : No JWT token found in request headers
2025-12-26T05:20:06.554Z DEBUG 1 --- [restauron] [http-nio-8081-exec-9] d.s.restauron.config.jwt.JwtAuthFilter   : No JWT token found in request headers
2025-12-26T05:20:06.560Z DEBUG 1 --- [restauron] [http-nio-8081-exec-5] d.s.restauron.config.jwt.JwtAuthFilter   : No JWT token found in request headers
2025-12-26T05:20:06.562Z DEBUG 1 --- [restauron] [http-nio-8081-exec-5] d.s.restauron.config.jwt.JwtAuthFilter   : No JWT token found in request headers
2025-12-26T05:20:06.585Z DEBUG 1 --- [restauron] [http-nio-8081-exec-7] d.s.restauron.config.jwt.JwtAuthFilter   : No JWT token found in request headers
2025-12-26T05:20:06.587Z DEBUG 1 --- [restauron] [http-nio-8081-exec-7] d.s.restauron.config.jwt.JwtAuthFilter   : No JWT token found in request headers
2025-12-26T05:20:06.610Z  INFO 1 --- [restauron] [http-nio-8081-exec-2] d.s.restauron.config.jwt.JwtAuthFilter   : Successfully authenticated user: midlaj@chillies.com
2025-12-26T05:20:19.570Z  INFO 1 --- [restauron] [http-nio-8081-exec-6] d.s.restauron.config.jwt.JwtAuthFilter   : Successfully authenticated user: midlaj@chillies.com
2025-12-26T05:20:19.625Z  INFO 1 --- [restauron] [http-nio-8081-exec-7] d.s.restauron.config.jwt.JwtAuthFilter   : Successfully authenticated user: midlaj@chillies.com
2025-12-26T05:20:20.075Z  INFO 1 --- [restauron] [http-nio-8081-exec-10] d.s.restauron.config.jwt.JwtAuthFilter   : Successfully authenticated user: midlaj@chillies.com
2025-12-26T05:20:33.986Z  INFO 1 --- [restauron] [http-nio-8081-exec-9] d.s.restauron.config.jwt.JwtAuthFilter   : Successfully authenticated user: muneersirajul414@gmail.com
2025-12-26T05:20:33.993Z  INFO 1 --- [restauron] [http-nio-8081-exec-9] d.s.r.r.owner.OwnerTableController       : Inside the controller to fetch list of tables
2025-12-26T05:20:41.401Z  INFO 1 --- [restauron] [http-nio-8081-exec-4] d.s.restauron.config.jwt.JwtAuthFilter   : Successfully authenticated user: muneersirajul414@gmail.com
2025-12-26T05:20:41.410Z  INFO 1 --- [restauron] [http-nio-8081-exec-4] d.s.r.r.owner.OwnerTableController       : inside the controller to create table
2025-12-26T05:20:41.459Z  INFO 1 --- [restauron] [http-nio-8081-exec-3] d.s.restauron.config.jwt.JwtAuthFilter   : Successfully authenticated user: muneersirajul414@gmail.com
2025-12-26T05:20:41.463Z  INFO 1 --- [restauron] [http-nio-8081-exec-3] d.s.r.r.owner.OwnerTableController       : Inside the controller to fetch list of tables
2025-12-26T05:20:41.480Z  INFO 1 --- [restauron] [http-nio-8081-exec-3] d.s.r.s.o.o.OwnerTableServiceImp         : lEKFwTcj-Qb4nXlmiPztxA. Table1
2025-12-26T05:20:46.865Z  INFO 1 --- [restauron] [http-nio-8081-exec-6] d.s.restauron.config.jwt.JwtAuthFilter   : Successfully authenticated user: muneersirajul414@gmail.com
2025-12-26T05:20:46.872Z  INFO 1 --- [restauron] [http-nio-8081-exec-6] d.s.r.r.owner.OwnerTableController       : inside the controller to create table
2025-12-26T05:20:46.921Z  INFO 1 --- [restauron] [http-nio-8081-exec-1] d.s.restauron.config.jwt.JwtAuthFilter   : Successfully authenticated user: muneersirajul414@gmail.com
2025-12-26T05:20:46.927Z  INFO 1 --- [restauron] [http-nio-8081-exec-1] d.s.r.r.owner.OwnerTableController       : Inside the controller to fetch list of tables
2025-12-26T05:20:46.956Z  INFO 1 --- [restauron] [http-nio-8081-exec-1] d.s.r.s.o.o.OwnerTableServiceImp         : lEKFwTcj-Qb4nXlmiPztxA. Table1
2025-12-26T05:20:46.957Z  INFO 1 --- [restauron] [http-nio-8081-exec-1] d.s.r.s.o.o.OwnerTableServiceImp         : wN-CSzFx-ysiYcGigxvzWw. Table2
2025-12-26T05:20:57.864Z DEBUG 1 --- [restauron] [http-nio-8081-exec-7] d.s.restauron.config.jwt.JwtAuthFilter   : No JWT token found in request headers
2025-12-26T05:21:39.885Z DEBUG 1 --- [restauron] [http-nio-8081-exec-5] d.s.restauron.config.jwt.JwtAuthFilter   : No JWT token found in request headers
2025-12-26T05:21:58.918Z DEBUG 1 --- [restauron] [http-nio-8081-exec-3] d.s.restauron.config.jwt.JwtAuthFilter   : No JWT token found in request headers
2025-12-26T05:21:58.919Z DEBUG 1 --- [restauron] [http-nio-8081-exec-3] d.s.restauron.config.jwt.JwtAuthFilter   : No JWT token found in request headers
2025-12-26T05:21:58.923Z  INFO 1 --- [restauron] [http-nio-8081-exec-3] d.s.r.r.a.AuthenticationController       : Inside the login controller for user with email midlaj@chillies.com
2025-12-26T05:21:59.073Z  INFO 1 --- [restauron] [http-nio-8081-exec-3] d.s.r.s.a.RefreshTokenServiceImp         : Deleting existing refresh token for user: midlaj@chillies.com
2025-12-26T05:21:59.136Z  INFO 1 --- [restauron] [http-nio-8081-exec-1] d.s.restauron.config.jwt.JwtAuthFilter   : Successfully authenticated user: midlaj@chillies.com
2025-12-26T05:21:59.143Z  INFO 1 --- [restauron] [http-nio-8081-exec-1] d.s.r.r.e.EmployeeGeneralController      : Inside the get restaurant details after login for employees f7bcVZP4wNo9WQ8Yg7hsDQ
2025-12-26T05:21:59.160Z  INFO 1 --- [restauron] [http-nio-8081-exec-1] d.s.r.r.e.EmployeeGeneralController      : The restaurant Chillies found from the employee user Encrypted ID : f7bcVZP4wNo9WQ8Yg7hsDQ
2025-12-26T05:21:59.342Z  INFO 1 --- [restauron] [http-nio-8081-exec-7] d.s.restauron.config.jwt.JwtAuthFilter   : Successfully authenticated user: midlaj@chillies.com
2025-12-26T05:21:59.349Z DEBUG 1 --- [restauron] [http-nio-8081-exec-8] d.s.restauron.config.jwt.JwtAuthFilter   : No JWT token found in request headers
2025-12-26T05:21:59.350Z  INFO 1 --- [restauron] [http-nio-8081-exec-7] d.s.r.r.e.o.EmployeeOrderController      : Inside the controller to get active orders for employee side
2025-12-26T05:21:59.353Z DEBUG 1 --- [restauron] [http-nio-8081-exec-8] d.s.restauron.config.jwt.JwtAuthFilter   : No JWT token found in request headers
2025-12-26T05:21:59.358Z DEBUG 1 --- [restauron] [http-nio-8081-exec-2] d.s.restauron.config.jwt.JwtAuthFilter   : No JWT token found in request headers
2025-12-26T05:21:59.362Z DEBUG 1 --- [restauron] [http-nio-8081-exec-2] d.s.restauron.config.jwt.JwtAuthFilter   : No JWT token found in request headers
2025-12-26T05:21:59.402Z DEBUG 1 --- [restauron] [http-nio-8081-exec-9] d.s.restauron.config.jwt.JwtAuthFilter   : No JWT token found in request headers
2025-12-26T05:21:59.404Z DEBUG 1 --- [restauron] [http-nio-8081-exec-9] d.s.restauron.config.jwt.JwtAuthFilter   : No JWT token found in request headers
2025-12-26T05:21:59.420Z  INFO 1 --- [restauron] [http-nio-8081-exec-10] d.s.restauron.config.jwt.JwtAuthFilter   : Successfully authenticated user: midlaj@chillies.com
2025-12-26T05:21:59.445Z DEBUG 1 --- [restauron] [http-nio-8081-exec-4] d.s.restauron.config.jwt.JwtAuthFilter   : No JWT token found in request headers
2025-12-26T05:21:59.447Z DEBUG 1 --- [restauron] [http-nio-8081-exec-4] d.s.restauron.config.jwt.JwtAuthFilter   : No JWT token found in request headers
2025-12-26T05:22:36.346Z  INFO 1 --- [restauron] [http-nio-8081-exec-9] d.s.restauron.config.jwt.JwtAuthFilter   : Successfully authenticated user: midlaj@chillies.com
2025-12-26T05:22:36.391Z  INFO 1 --- [restauron] [http-nio-8081-exec-3] d.s.restauron.config.jwt.JwtAuthFilter   : Successfully authenticated user: midlaj@chillies.com
2025-12-26T05:22:36.845Z  INFO 1 --- [restauron] [http-nio-8081-exec-10] d.s.restauron.config.jwt.JwtAuthFilter   : Successfully authenticated user: midlaj@chillies.com
2025-12-26T05:22:56.568Z  INFO 1 --- [restauron] [http-nio-8081-exec-6] d.s.restauron.config.jwt.JwtAuthFilter   : Successfully authenticated user: muneersirajul414@gmail.com
2025-12-26T05:22:56.567Z  INFO 1 --- [restauron] [http-nio-8081-exec-4] d.s.restauron.config.jwt.JwtAuthFilter   : Successfully authenticated user: muneersirajul414@gmail.com
2025-12-26T05:22:56.580Z  INFO 1 --- [restauron] [http-nio-8081-exec-4] d.s.r.r.m.MenuItemController             : Request to fetch menu items for restaurant.
2025-12-26T05:22:56.580Z  INFO 1 --- [restauron] [http-nio-8081-exec-6] d.s.r.r.m.CategoryController             : Request to fetch category list for restaurant.
2025-12-26T05:22:56.591Z  INFO 1 --- [restauron] [http-nio-8081-exec-4] d.s.r.r.m.MenuItemController             : Fetched page of menu items by restaurant
2025-12-26T05:23:10.682Z  INFO 1 --- [restauron] [http-nio-8081-exec-7] d.s.restauron.config.jwt.JwtAuthFilter   : Successfully authenticated user: muneersirajul414@gmail.com
2025-12-26T05:23:10.691Z  INFO 1 --- [restauron] [http-nio-8081-exec-7] d.s.r.r.m.CategoryController             : Request to fetch category list for restaurant.
2025-12-26T05:23:39.908Z  INFO 1 --- [restauron] [http-nio-8081-exec-9] d.s.restauron.config.jwt.JwtAuthFilter   : Successfully authenticated user: muneersirajul414@gmail.com
2025-12-26T05:23:39.916Z  INFO 1 --- [restauron] [http-nio-8081-exec-9] d.s.r.r.m.CategoryController             : Request to create category: Breakfast
2025-12-26T05:23:39.982Z  INFO 1 --- [restauron] [http-nio-8081-exec-3] d.s.restauron.config.jwt.JwtAuthFilter   : Successfully authenticated user: muneersirajul414@gmail.com
2025-12-26T05:23:39.991Z  INFO 1 --- [restauron] [http-nio-8081-exec-3] d.s.r.r.m.CategoryController             : Request to fetch category list for restaurant.
2025-12-26T05:23:43.034Z  INFO 1 --- [restauron] [http-nio-8081-exec-10] d.s.restauron.config.jwt.JwtAuthFilter   : Successfully authenticated user: muneersirajul414@gmail.com
2025-12-26T05:23:43.034Z  INFO 1 --- [restauron] [http-nio-8081-exec-6] d.s.restauron.config.jwt.JwtAuthFilter   : Successfully authenticated user: muneersirajul414@gmail.com
2025-12-26T05:23:43.041Z  INFO 1 --- [restauron] [http-nio-8081-exec-6] d.s.r.r.m.CategoryController             : Request to fetch category list for restaurant.
2025-12-26T05:23:43.044Z  INFO 1 --- [restauron] [http-nio-8081-exec-10] d.s.r.r.m.MenuItemController             : Request to fetch menu items for restaurant.
2025-12-26T05:23:43.055Z  INFO 1 --- [restauron] [http-nio-8081-exec-10] d.s.r.r.m.MenuItemController             : Fetched page of menu items by restaurant
2025-12-26T05:24:16.245Z  INFO 1 --- [restauron] [http-nio-8081-exec-8] d.s.restauron.config.jwt.JwtAuthFilter   : Successfully authenticated user: muneersirajul414@gmail.com
2025-12-26T05:24:19.796Z  INFO 1 --- [restauron] [http-nio-8081-exec-1] d.s.restauron.config.jwt.JwtAuthFilter   : Successfully authenticated user: muneersirajul414@gmail.com
2025-12-26T05:24:19.797Z  INFO 1 --- [restauron] [http-nio-8081-exec-7] d.s.restauron.config.jwt.JwtAuthFilter   : Successfully authenticated user: muneersirajul414@gmail.com
2025-12-26T05:24:19.811Z  INFO 1 --- [restauron] [http-nio-8081-exec-1] d.s.r.r.m.MenuItemController             : Request to fetch menu items for restaurant.
2025-12-26T05:24:19.815Z  INFO 1 --- [restauron] [http-nio-8081-exec-7] d.s.r.r.m.CategoryController             : Request to fetch category list for restaurant.
2025-12-26T05:24:19.843Z  INFO 1 --- [restauron] [http-nio-8081-exec-1] d.s.r.r.m.MenuItemController             : Fetched page of menu items by restaurant
2025-12-26T05:24:39.227Z DEBUG 1 --- [restauron] [http-nio-8081-exec-2] d.s.restauron.config.jwt.JwtAuthFilter   : No JWT token found in request headers
2025-12-26T05:32:16.193Z DEBUG 1 --- [restauron] [http-nio-8081-exec-10] d.s.restauron.config.jwt.JwtAuthFilter   : No JWT token found in request headers
2025-12-26T05:32:19.794Z DEBUG 1 --- [restauron] [http-nio-8081-exec-4] d.s.restauron.config.jwt.JwtAuthFilter   : No JWT token found in request headers
2025-12-26T05:32:20.573Z DEBUG 1 --- [restauron] [http-nio-8081-exec-8] d.s.restauron.config.jwt.JwtAuthFilter   : No JWT token found in request headers
2025-12-26T05:32:20.805Z DEBUG 1 --- [restauron] [http-nio-8081-exec-7] d.s.restauron.config.jwt.JwtAuthFilter   : No JWT token found in request headers
2025-12-26T05:32:21.030Z DEBUG 1 --- [restauron] [http-nio-8081-exec-1] d.s.restauron.config.jwt.JwtAuthFilter   : No JWT token found in request headers
2025-12-26T05:38:37.869Z  INFO 1 --- [restauron] [MessageBroker-2] o.s.w.s.c.WebSocketMessageBrokerStats    : WebSocketSession[0 current WS(0)-HttpStream(0)-HttpPoll(0), 5 total, 0 closed abnormally (0 connect failure, 0 send limit, 0 transport error)], stompSubProtocol[processed CONNECT(5)-CONNECTED(5)-DISCONNECT(2)], stompBrokerRelay[null], inboundChannel[pool size = 0, active threads = 0, queued tasks = 0, completed tasks = 81], outboundChannel[pool size = 0, active threads = 0, queued tasks = 0, completed tasks = 12], sockJsScheduler[pool size = 8, active threads = 1, queued tasks = 3, completed tasks = 301]
2025-12-26T06:08:37.687Z  INFO 1 --- [restauron] [MessageBroker-3] o.s.w.s.c.WebSocketMessageBrokerStats    : WebSocketSession[0 current WS(0)-HttpStream(0)-HttpPoll(0), 5 total, 0 closed abnormally (0 connect failure, 0 send limit, 0 transport error)], stompSubProtocol[processed CONNECT(5)-CONNECTED(5)-DISCONNECT(2)], stompBrokerRelay[null], inboundChannel[pool size = 0, active threads = 0, queued tasks = 0, completed tasks = 81], outboundChannel[pool size = 0, active threads = 0, queued tasks = 0, completed tasks = 12], sockJsScheduler[pool size = 8, active threads = 1, queued tasks = 3, completed tasks = 662]
2025-12-26T08:15:49.034Z  INFO 1 --- [restauron] [MessageBroker-1] o.s.w.s.c.WebSocketMessageBrokerStats    : WebSocketSession[0 current WS(0)-HttpStream(0)-HttpPoll(0), 5 total, 0 closed abnormally (0 connect failure, 0 send limit, 0 transport error)], stompSubProtocol[processed CONNECT(5)-CONNECTED(5)-DISCONNECT(2)], stompBrokerRelay[null], inboundChannel[pool size = 0, active threads = 0, queued tasks = 0, completed tasks = 81], outboundChannel[pool size = 0, active threads = 0, queued tasks = 0, completed tasks = 12], sockJsScheduler[pool size = 8, active threads = 1, queued tasks = 3, completed tasks = 1023]
2025-12-26T08:45:48.859Z  INFO 1 --- [restauron] [MessageBroker-5] o.s.w.s.c.WebSocketMessageBrokerStats    : WebSocketSession[0 current WS(0)-HttpStream(0)-HttpPoll(0), 5 total, 0 closed abnormally (0 connect failure, 0 send limit, 0 transport error)], stompSubProtocol[processed CONNECT(5)-CONNECTED(5)-DISCONNECT(2)], stompBrokerRelay[null], inboundChannel[pool size = 0, active threads = 0, queued tasks = 0, completed tasks = 81], outboundChannel[pool size = 0, active threads = 0, queued tasks = 0, completed tasks = 12], sockJsScheduler[pool size = 8, active threads = 1, queued tasks = 3, completed tasks = 1384]
2025-12-26T09:15:48.665Z  INFO 1 --- [restauron] [MessageBroker-1] o.s.w.s.c.WebSocketMessageBrokerStats    : WebSocketSession[0 current WS(0)-HttpStream(0)-HttpPoll(0), 5 total, 0 closed abnormally (0 connect failure, 0 send limit, 0 transport error)], stompSubProtocol[processed CONNECT(5)-CONNECTED(5)-DISCONNECT(2)], stompBrokerRelay[null], inboundChannel[pool size = 0, active threads = 0, queued tasks = 0, completed tasks = 81], outboundChannel[pool size = 0, active threads = 0, queued tasks = 0, completed tasks = 12], sockJsScheduler[pool size = 8, active threads = 1, queued tasks = 3, completed tasks = 1745]
2025-12-26T09:45:48.547Z  INFO 1 --- [restauron] [MessageBroker-7] o.s.w.s.c.WebSocketMessageBrokerStats    : WebSocketSession[0 current WS(0)-HttpStream(0)-HttpPoll(0), 5 total, 0 closed abnormally (0 connect failure, 0 send limit, 0 transport error)], stompSubProtocol[processed CONNECT(5)-CONNECTED(5)-DISCONNECT(2)], stompBrokerRelay[null], inboundChannel[pool size = 0, active threads = 0, queued tasks = 0, completed tasks = 81], outboundChannel[pool size = 0, active threads = 0, queued tasks = 0, completed tasks = 12], sockJsScheduler[pool size = 8, active threads = 1, queued tasks = 3, completed tasks = 2106]
2025-12-26T10:15:48.392Z  INFO 1 --- [restauron] [MessageBroker-7] o.s.w.s.c.WebSocketMessageBrokerStats    : WebSocketSession[0 current WS(0)-HttpStream(0)-HttpPoll(0), 5 total, 0 closed abnormally (0 connect failure, 0 send limit, 0 transport error)], stompSubProtocol[processed CONNECT(5)-CONNECTED(5)-DISCONNECT(2)], stompBrokerRelay[null], inboundChannel[pool size = 0, active threads = 0, queued tasks = 0, completed tasks = 81], outboundChannel[pool size = 0, active threads = 0, queued tasks = 0, completed tasks = 12], sockJsScheduler[pool size = 8, active threads = 1, queued tasks = 3, completed tasks = 2467]
2025-12-26T10:45:48.210Z  INFO 1 --- [restauron] [MessageBroker-5] o.s.w.s.c.WebSocketMessageBrokerStats    : WebSocketSession[0 current WS(0)-HttpStream(0)-HttpPoll(0), 5 total, 0 closed abnormally (0 connect failure, 0 send limit, 0 transport error)], stompSubProtocol[processed CONNECT(5)-CONNECTED(5)-DISCONNECT(2)], stompBrokerRelay[null], inboundChannel[pool size = 0, active threads = 0, queued tasks = 0, completed tasks = 81], outboundChannel[pool size = 0, active threads = 0, queued tasks = 0, completed tasks = 12], sockJsScheduler[pool size = 8, active threads = 1, queued tasks = 3, completed tasks = 2828]
2025-12-26T11:15:48.043Z  INFO 1 --- [restauron] [MessageBroker-8] o.s.w.s.c.WebSocketMessageBrokerStats    : WebSocketSession[0 current WS(0)-HttpStream(0)-HttpPoll(0), 5 total, 0 closed abnormally (0 connect failure, 0 send limit, 0 transport error)], stompSubProtocol[processed CONNECT(5)-CONNECTED(5)-DISCONNECT(2)], stompBrokerRelay[null], inboundChannel[pool size = 0, active threads = 0, queued tasks = 0, completed tasks = 81], outboundChannel[pool size = 0, active threads = 0, queued tasks = 0, completed tasks = 12], sockJsScheduler[pool size = 8, active threads = 1, queued tasks = 3, completed tasks = 3189]
2025-12-26T11:23:30.047Z  INFO 1 --- [restauron] [SpringApplicationShutdownHook] o.s.b.w.e.tomcat.GracefulShutdown        : Commencing graceful shutdown. Waiting for active requests to complete
2025-12-26T11:23:30.085Z  INFO 1 --- [restauron] [tomcat-shutdown] o.s.b.w.e.tomcat.GracefulShutdown        : Graceful shutdown complete
2025-12-26T11:23:30.114Z  INFO 1 --- [restauron] [SpringApplicationShutdownHook] o.s.m.s.b.SimpleBrokerMessageHandler     : Stopping...
2025-12-26T11:23:30.117Z  INFO 1 --- [restauron] [SpringApplicationShutdownHook] o.s.m.s.b.SimpleBrokerMessageHandler     : BrokerAvailabilityEvent[available=false, SimpleBrokerMessageHandler [org.springframework.messaging.simp.broker.DefaultSubscriptionRegistry@46807718]]
2025-12-26T11:23:30.118Z  INFO 1 --- [restauron] [SpringApplicationShutdownHook] o.s.m.s.b.SimpleBrokerMessageHandler     : Stopped.
2025-12-26T11:23:30.173Z  INFO 1 --- [restauron] [SpringApplicationShutdownHook] j.LocalContainerEntityManagerFactoryBean : Closing JPA EntityManagerFactory for persistence unit 'default'
2025-12-26T11:23:30.241Z  INFO 1 --- [restauron] [SpringApplicationShutdownHook] com.zaxxer.hikari.HikariDataSource       : HikariPool-1 - Shutdown initiated...
2025-12-26T11:23:30.258Z  INFO 1 --- [restauron] [SpringApplicationShutdownHook] com.zaxxer.hikari.HikariDataSource       : HikariPool-1 - Shutdown completed.
